[ 2017-04-27T09:46:35+08:00 ] 60.253.253.10 /CRM/
INFO: [ app_init ] --START--
INFO: Run Behavior\BuildLiteBehavior [ RunTime:0.000012s ]
INFO: [ app_init ] --END-- [ RunTime:0.000457s ]
INFO: [ app_begin ] --START--
INFO: Run Behavior\ReadHtmlCacheBehavior [ RunTime:0.000556s ]
INFO: [ app_begin ] --END-- [ RunTime:0.000593s ]

[ 2017-04-27T09:46:35+08:00 ] 60.253.253.10 /CRM/Login/index.html
INFO: [ app_init ] --START--
INFO: Run Behavior\BuildLiteBehavior [ RunTime:0.000007s ]
INFO: [ app_init ] --END-- [ RunTime:0.000047s ]
INFO: [ app_begin ] --START--
INFO: Run Behavior\ReadHtmlCacheBehavior [ RunTime:0.000026s ]
INFO: [ app_begin ] --END-- [ RunTime:0.000058s ]
INFO: [ view_parse ] --START--
INFO: [ template_filter ] --START--
INFO: Run Behavior\ContentReplaceBehavior [ RunTime:0.000048s ]
INFO: [ template_filter ] --END-- [ RunTime:0.000081s ]
INFO: Run Behavior\ParseTemplateBehavior [ RunTime:0.006532s ]
INFO: [ view_parse ] --END-- [ RunTime:0.006563s ]
INFO: [ view_filter ] --START--
INFO: Run Behavior\WriteHtmlCacheBehavior [ RunTime:0.000205s ]
INFO: [ view_filter ] --END-- [ RunTime:0.000232s ]
INFO: [ app_end ] --START--
INFO: Run Behavior\ShowPageTraceBehavior [ RunTime:0.000613s ]
INFO: [ app_end ] --END-- [ RunTime:0.000645s ]

[ 2017-04-27T09:47:05+08:00 ] 106.120.160.109 /CRM/
INFO: [ app_init ] --START--
INFO: Run Behavior\BuildLiteBehavior [ RunTime:0.000048s ]
INFO: [ app_init ] --END-- [ RunTime:0.000141s ]
INFO: [ app_begin ] --START--
INFO: Run Behavior\ReadHtmlCacheBehavior [ RunTime:0.000041s ]
INFO: [ app_begin ] --END-- [ RunTime:0.000068s ]

[ 2017-04-27T09:47:05+08:00 ] 106.120.161.68 /CRM/Login/index.html
INFO: [ app_init ] --START--
INFO: Run Behavior\BuildLiteBehavior [ RunTime:0.000011s ]
INFO: [ app_init ] --END-- [ RunTime:0.000083s ]
INFO: [ app_begin ] --START--
INFO: Run Behavior\ReadHtmlCacheBehavior [ RunTime:0.000039s ]
INFO: [ app_begin ] --END-- [ RunTime:0.000070s ]
INFO: [ view_parse ] --START--
INFO: [ template_filter ] --START--
INFO: Run Behavior\ContentReplaceBehavior [ RunTime:0.000051s ]
INFO: [ template_filter ] --END-- [ RunTime:0.000082s ]
INFO: Run Behavior\ParseTemplateBehavior [ RunTime:0.002131s ]
INFO: [ view_parse ] --END-- [ RunTime:0.002163s ]
INFO: [ view_filter ] --START--
INFO: Run Behavior\WriteHtmlCacheBehavior [ RunTime:0.000030s ]
INFO: [ view_filter ] --END-- [ RunTime:0.000049s ]
INFO: [ app_end ] --START--
INFO: Run Behavior\ShowPageTraceBehavior [ RunTime:0.000033s ]
INFO: [ app_end ] --END-- [ RunTime:0.000055s ]

[ 2017-04-27T09:47:27+08:00 ] 101.199.108.58 /CRM/
INFO: [ app_init ] --START--
INFO: Run Behavior\BuildLiteBehavior [ RunTime:0.000014s ]
INFO: [ app_init ] --END-- [ RunTime:0.000105s ]
INFO: [ app_begin ] --START--
INFO: Run Behavior\ReadHtmlCacheBehavior [ RunTime:0.000041s ]
INFO: [ app_begin ] --END-- [ RunTime:0.000068s ]

[ 2017-04-27T09:47:27+08:00 ] 101.199.108.58 /CRM/Login/index.html
INFO: [ app_init ] --START--
INFO: Run Behavior\BuildLiteBehavior [ RunTime:0.000007s ]
INFO: [ app_init ] --END-- [ RunTime:0.000046s ]
INFO: [ app_begin ] --START--
INFO: Run Behavior\ReadHtmlCacheBehavior [ RunTime:0.000027s ]
INFO: [ app_begin ] --END-- [ RunTime:0.000058s ]
INFO: [ view_parse ] --START--
INFO: [ template_filter ] --START--
INFO: Run Behavior\ContentReplaceBehavior [ RunTime:0.000050s ]
INFO: [ template_filter ] --END-- [ RunTime:0.000082s ]
INFO: Run Behavior\ParseTemplateBehavior [ RunTime:0.002130s ]
INFO: [ view_parse ] --END-- [ RunTime:0.002160s ]
INFO: [ view_filter ] --START--
INFO: Run Behavior\WriteHtmlCacheBehavior [ RunTime:0.000031s ]
INFO: [ view_filter ] --END-- [ RunTime:0.000050s ]
INFO: [ app_end ] --START--
INFO: Run Behavior\ShowPageTraceBehavior [ RunTime:0.000033s ]
INFO: [ app_end ] --END-- [ RunTime:0.000054s ]

[ 2017-04-27T10:10:59+08:00 ] 60.253.253.10 /CRM/
INFO: [ app_init ] --START--
INFO: Run Behavior\BuildLiteBehavior [ RunTime:0.000014s ]
INFO: [ app_init ] --END-- [ RunTime:0.000113s ]
INFO: [ app_begin ] --START--
INFO: Run Behavior\ReadHtmlCacheBehavior [ RunTime:0.000047s ]
INFO: [ app_begin ] --END-- [ RunTime:0.000076s ]

[ 2017-04-27T10:10:59+08:00 ] 60.253.253.10 /CRM/Login/index.html
INFO: [ app_init ] --START--
INFO: Run Behavior\BuildLiteBehavior [ RunTime:0.000007s ]
INFO: [ app_init ] --END-- [ RunTime:0.000050s ]
INFO: [ app_begin ] --START--
INFO: Run Behavior\ReadHtmlCacheBehavior [ RunTime:0.000027s ]
INFO: [ app_begin ] --END-- [ RunTime:0.000061s ]
INFO: [ view_parse ] --START--
INFO: [ template_filter ] --START--
INFO: Run Behavior\ContentReplaceBehavior [ RunTime:0.000050s ]
INFO: [ template_filter ] --END-- [ RunTime:0.000082s ]
INFO: Run Behavior\ParseTemplateBehavior [ RunTime:0.002124s ]
INFO: [ view_parse ] --END-- [ RunTime:0.002153s ]
INFO: [ view_filter ] --START--
INFO: Run Behavior\WriteHtmlCacheBehavior [ RunTime:0.000036s ]
INFO: [ view_filter ] --END-- [ RunTime:0.000067s ]
INFO: [ app_end ] --START--
INFO: Run Behavior\ShowPageTraceBehavior [ RunTime:0.000041s ]
INFO: [ app_end ] --END-- [ RunTime:0.000063s ]

[ 2017-04-27T13:21:34+08:00 ] 60.253.253.10 /CRM/
INFO: [ app_init ] --START--
INFO: Run Behavior\BuildLiteBehavior [ RunTime:0.000015s ]
INFO: [ app_init ] --END-- [ RunTime:0.000107s ]
INFO: [ app_begin ] --START--
INFO: Run Behavior\ReadHtmlCacheBehavior [ RunTime:0.000095s ]
INFO: [ app_begin ] --END-- [ RunTime:0.000125s ]

[ 2017-04-27T13:21:34+08:00 ] 60.253.253.10 /CRM/Login/index.html
INFO: [ app_init ] --START--
INFO: Run Behavior\BuildLiteBehavior [ RunTime:0.000008s ]
INFO: [ app_init ] --END-- [ RunTime:0.000064s ]
INFO: [ app_begin ] --START--
INFO: Run Behavior\ReadHtmlCacheBehavior [ RunTime:0.000025s ]
INFO: [ app_begin ] --END-- [ RunTime:0.000051s ]
INFO: [ view_parse ] --START--
INFO: [ template_filter ] --START--
INFO: Run Behavior\ContentReplaceBehavior [ RunTime:0.000044s ]
INFO: [ template_filter ] --END-- [ RunTime:0.000076s ]
INFO: Run Behavior\ParseTemplateBehavior [ RunTime:0.002013s ]
INFO: [ view_parse ] --END-- [ RunTime:0.002042s ]
INFO: [ view_filter ] --START--
INFO: Run Behavior\WriteHtmlCacheBehavior [ RunTime:0.000037s ]
INFO: [ view_filter ] --END-- [ RunTime:0.000055s ]
INFO: [ app_end ] --START--
INFO: Run Behavior\ShowPageTraceBehavior [ RunTime:0.000039s ]
INFO: [ app_end ] --END-- [ RunTime:0.000061s ]

[ 2017-04-27T13:22:15+08:00 ] 60.253.253.10 /CRM/
INFO: [ app_init ] --START--
INFO: Run Behavior\BuildLiteBehavior [ RunTime:0.000015s ]
INFO: [ app_init ] --END-- [ RunTime:0.000130s ]
INFO: [ app_begin ] --START--
INFO: Run Behavior\ReadHtmlCacheBehavior [ RunTime:0.000049s ]
INFO: [ app_begin ] --END-- [ RunTime:0.000080s ]

[ 2017-04-27T13:22:15+08:00 ] 60.253.253.10 /CRM/Login/index.html
INFO: [ app_init ] --START--
INFO: Run Behavior\BuildLiteBehavior [ RunTime:0.000007s ]
INFO: [ app_init ] --END-- [ RunTime:0.000047s ]
INFO: [ app_begin ] --START--
INFO: Run Behavior\ReadHtmlCacheBehavior [ RunTime:0.000025s ]
INFO: [ app_begin ] --END-- [ RunTime:0.000058s ]
INFO: [ view_parse ] --START--
INFO: [ template_filter ] --START--
INFO: Run Behavior\ContentReplaceBehavior [ RunTime:0.000049s ]
INFO: [ template_filter ] --END-- [ RunTime:0.000084s ]
INFO: Run Behavior\ParseTemplateBehavior [ RunTime:0.002136s ]
INFO: [ view_parse ] --END-- [ RunTime:0.002172s ]
INFO: [ view_filter ] --START--
INFO: Run Behavior\WriteHtmlCacheBehavior [ RunTime:0.000044s ]
INFO: [ view_filter ] --END-- [ RunTime:0.000064s ]
INFO: [ app_end ] --START--
INFO: Run Behavior\ShowPageTraceBehavior [ RunTime:0.000034s ]
INFO: [ app_end ] --END-- [ RunTime:0.000055s ]

[ 2017-04-27T13:22:22+08:00 ] 60.253.253.10 /CRM/Home/Login/checkUser
INFO: [ app_init ] --START--
INFO: Run Behavior\BuildLiteBehavior [ RunTime:0.000015s ]
INFO: [ app_init ] --END-- [ RunTime:0.000107s ]
INFO: [ app_begin ] --START--
INFO: Run Behavior\ReadHtmlCacheBehavior [ RunTime:0.000043s ]
INFO: [ app_begin ] --END-- [ RunTime:0.000073s ]
SQL: SHOW COLUMNS FROM `crm_user` [ RunTime:0.0005s ]
NOTIC: [8] Undefined index: validate /data/wwwroot/default/CRM/ThinkPHP/Library/Think/Model.class.php 第 1185 行.
NOTIC: [8] Undefined index: auto /data/wwwroot/default/CRM/ThinkPHP/Library/Think/Model.class.php 第 1128 行.
SQL: SELECT `id`,`accounts`,`state` FROM `crm_user` WHERE `accounts` = 'admin' AND `password` = '7c4a8d09ca3762af61e59520943dc26494f8941b' LIMIT 1   [ RunTime:0.0002s ]
SQL: UPDATE `crm_user` SET `last_login_time`='2017-04-27 13:22:22',`last_login_ip`='60.253.253.10',`login_count`=login_count+1 WHERE `id` = 1 [ RunTime:0.0003s ]
INFO: [ app_end ] --START--
INFO: Run Behavior\ShowPageTraceBehavior [ RunTime:0.000051s ]
INFO: [ app_end ] --END-- [ RunTime:0.000083s ]

[ 2017-04-27T13:22:22+08:00 ] 60.253.253.10 /CRM/Index/index.html
INFO: [ app_init ] --START--
INFO: Run Behavior\BuildLiteBehavior [ RunTime:0.000010s ]
INFO: [ app_init ] --END-- [ RunTime:0.000062s ]
INFO: [ app_begin ] --START--
INFO: Run Behavior\ReadHtmlCacheBehavior [ RunTime:0.000042s ]
INFO: [ app_begin ] --END-- [ RunTime:0.000077s ]
INFO: [ view_parse ] --START--
INFO: [ template_filter ] --START--
INFO: Run Behavior\ContentReplaceBehavior [ RunTime:0.000056s ]
INFO: [ template_filter ] --END-- [ RunTime:0.000090s ]
INFO: Run Behavior\ParseTemplateBehavior [ RunTime:0.002096s ]
INFO: [ view_parse ] --END-- [ RunTime:0.002128s ]
INFO: [ view_filter ] --START--
INFO: Run Behavior\WriteHtmlCacheBehavior [ RunTime:0.000028s ]
INFO: [ view_filter ] --END-- [ RunTime:0.000046s ]
INFO: [ app_end ] --START--
INFO: Run Behavior\ShowPageTraceBehavior [ RunTime:0.000026s ]
INFO: [ app_end ] --END-- [ RunTime:0.000049s ]

[ 2017-04-27T13:22:23+08:00 ] 60.253.253.10 /CRM/Home/Index/getTree
INFO: [ app_init ] --START--
INFO: Run Behavior\BuildLiteBehavior [ RunTime:0.000010s ]
INFO: [ app_init ] --END-- [ RunTime:0.000066s ]
INFO: [ app_begin ] --START--
INFO: Run Behavior\ReadHtmlCacheBehavior [ RunTime:0.000026s ]
INFO: [ app_begin ] --END-- [ RunTime:0.000051s ]
SQL: SHOW COLUMNS FROM `crm_auth_group_access` [ RunTime:0.0004s ]
SQL: SELECT `uid`,`group_id`,`title`,`rules` FROM crm_auth_group_access a INNER JOIN crm_auth_group g on a.group_id=g.id  WHERE ( a.uid='1' and g.status='1' )  [ RunTime:0.0001s ]
SQL: SHOW COLUMNS FROM `crm_auth_rule` [ RunTime:0.0003s ]
SQL: SELECT `id`,name AS url,title AS text,`iconCls`,`nid` FROM `crm_auth_rule` WHERE `nid` = 0 OR `id` IN ('8','9','10','11','12','13','14','15','16','17','18','19','20','21','22','23','24','25','26','27','28','29')  [ RunTime:0.0001s ]
NOTIC: [8] Undefined index: children /data/wwwroot/default/CRM/App/Home/Model/AuthRuleModel.class.php 第 39 行.

[ 2017-04-27T13:22:33+08:00 ] 60.253.253.10 /CRM/Home/Login/logout
INFO: [ app_init ] --START--
INFO: Run Behavior\BuildLiteBehavior [ RunTime:0.000014s ]
INFO: [ app_init ] --END-- [ RunTime:0.000104s ]
INFO: [ app_begin ] --START--
INFO: Run Behavior\ReadHtmlCacheBehavior [ RunTime:0.000043s ]
INFO: [ app_begin ] --END-- [ RunTime:0.000075s ]

[ 2017-04-27T13:22:33+08:00 ] 60.253.253.10 /CRM/Login/index.html
INFO: [ app_init ] --START--
INFO: Run Behavior\BuildLiteBehavior [ RunTime:0.000008s ]
INFO: [ app_init ] --END-- [ RunTime:0.000071s ]
INFO: [ app_begin ] --START--
INFO: Run Behavior\ReadHtmlCacheBehavior [ RunTime:0.000024s ]
INFO: [ app_begin ] --END-- [ RunTime:0.000058s ]
INFO: [ view_parse ] --START--
INFO: [ template_filter ] --START--
INFO: Run Behavior\ContentReplaceBehavior [ RunTime:0.000052s ]
INFO: [ template_filter ] --END-- [ RunTime:0.000084s ]
INFO: Run Behavior\ParseTemplateBehavior [ RunTime:0.002119s ]
INFO: [ view_parse ] --END-- [ RunTime:0.002148s ]
INFO: [ view_filter ] --START--
INFO: Run Behavior\WriteHtmlCacheBehavior [ RunTime:0.000031s ]
INFO: [ view_filter ] --END-- [ RunTime:0.000048s ]
INFO: [ app_end ] --START--
INFO: Run Behavior\ShowPageTraceBehavior [ RunTime:0.000033s ]
INFO: [ app_end ] --END-- [ RunTime:0.000064s ]

[ 2017-04-27T13:22:50+08:00 ] 106.120.161.68 /CRM/Index/index.html
INFO: [ app_init ] --START--
INFO: Run Behavior\BuildLiteBehavior [ RunTime:0.000014s ]
INFO: [ app_init ] --END-- [ RunTime:0.000097s ]
INFO: [ app_begin ] --START--
INFO: Run Behavior\ReadHtmlCacheBehavior [ RunTime:0.000050s ]
INFO: [ app_begin ] --END-- [ RunTime:0.000085s ]

[ 2017-04-27T13:22:50+08:00 ] 106.120.160.109 /CRM/Login/index.html
INFO: [ app_init ] --START--
INFO: Run Behavior\BuildLiteBehavior [ RunTime:0.000023s ]
INFO: [ app_init ] --END-- [ RunTime:0.000066s ]
INFO: [ app_begin ] --START--
INFO: Run Behavior\ReadHtmlCacheBehavior [ RunTime:0.000025s ]
INFO: [ app_begin ] --END-- [ RunTime:0.000052s ]
INFO: [ view_parse ] --START--
INFO: [ template_filter ] --START--
INFO: Run Behavior\ContentReplaceBehavior [ RunTime:0.000042s ]
INFO: [ template_filter ] --END-- [ RunTime:0.000071s ]
INFO: Run Behavior\ParseTemplateBehavior [ RunTime:0.001444s ]
INFO: [ view_parse ] --END-- [ RunTime:0.001482s ]
INFO: [ view_filter ] --START--
INFO: Run Behavior\WriteHtmlCacheBehavior [ RunTime:0.000036s ]
INFO: [ view_filter ] --END-- [ RunTime:0.000055s ]
INFO: [ app_end ] --START--
INFO: Run Behavior\ShowPageTraceBehavior [ RunTime:0.000028s ]
INFO: [ app_end ] --END-- [ RunTime:0.000047s ]

[ 2017-04-27T13:22:51+08:00 ] 60.253.253.10 /CRM/Home/Login/checkUser
INFO: [ app_init ] --START--
INFO: Run Behavior\BuildLiteBehavior [ RunTime:0.000009s ]
INFO: [ app_init ] --END-- [ RunTime:0.000064s ]
INFO: [ app_begin ] --START--
INFO: Run Behavior\ReadHtmlCacheBehavior [ RunTime:0.000025s ]
INFO: [ app_begin ] --END-- [ RunTime:0.000049s ]
SQL: SHOW COLUMNS FROM `crm_user` [ RunTime:0.0005s ]
NOTIC: [8] Undefined index: validate /data/wwwroot/default/CRM/ThinkPHP/Library/Think/Model.class.php 第 1185 行.
NOTIC: [8] Undefined index: auto /data/wwwroot/default/CRM/ThinkPHP/Library/Think/Model.class.php 第 1128 行.
SQL: SELECT `id`,`accounts`,`state` FROM `crm_user` WHERE `accounts` = '蜡笔小新' AND `password` = '7c4a8d09ca3762af61e59520943dc26494f8941b' LIMIT 1   [ RunTime:0.0002s ]
SQL: UPDATE `crm_user` SET `last_login_time`='2017-04-27 13:22:51',`last_login_ip`='60.253.253.10',`login_count`=login_count+1 WHERE `id` = 18 [ RunTime:0.0003s ]
INFO: [ app_end ] --START--
INFO: Run Behavior\ShowPageTraceBehavior [ RunTime:0.000031s ]
INFO: [ app_end ] --END-- [ RunTime:0.000054s ]

[ 2017-04-27T13:22:51+08:00 ] 60.253.253.10 /CRM/Index/index.html
INFO: [ app_init ] --START--
INFO: Run Behavior\BuildLiteBehavior [ RunTime:0.000007s ]
INFO: [ app_init ] --END-- [ RunTime:0.000059s ]
INFO: [ app_begin ] --START--
INFO: Run Behavior\ReadHtmlCacheBehavior [ RunTime:0.000025s ]
INFO: [ app_begin ] --END-- [ RunTime:0.000051s ]
INFO: [ view_parse ] --START--
INFO: [ template_filter ] --START--
INFO: Run Behavior\ContentReplaceBehavior [ RunTime:0.000040s ]
INFO: [ template_filter ] --END-- [ RunTime:0.000075s ]
INFO: Run Behavior\ParseTemplateBehavior [ RunTime:0.001551s ]
INFO: [ view_parse ] --END-- [ RunTime:0.001585s ]
INFO: [ view_filter ] --START--
INFO: Run Behavior\WriteHtmlCacheBehavior [ RunTime:0.000027s ]
INFO: [ view_filter ] --END-- [ RunTime:0.000046s ]
INFO: [ app_end ] --START--
INFO: Run Behavior\ShowPageTraceBehavior [ RunTime:0.000021s ]
INFO: [ app_end ] --END-- [ RunTime:0.000039s ]

[ 2017-04-27T13:22:51+08:00 ] 60.253.253.10 /CRM/Home/Index/getTree
INFO: [ app_init ] --START--
INFO: Run Behavior\BuildLiteBehavior [ RunTime:0.000010s ]
INFO: [ app_init ] --END-- [ RunTime:0.000065s ]
INFO: [ app_begin ] --START--
INFO: Run Behavior\ReadHtmlCacheBehavior [ RunTime:0.000024s ]
INFO: [ app_begin ] --END-- [ RunTime:0.000049s ]
SQL: SHOW COLUMNS FROM `crm_auth_group_access` [ RunTime:0.0004s ]
SQL: SELECT `uid`,`group_id`,`title`,`rules` FROM crm_auth_group_access a INNER JOIN crm_auth_group g on a.group_id=g.id  WHERE ( a.uid='18' and g.status='1' )  [ RunTime:0.0001s ]
SQL: SHOW COLUMNS FROM `crm_auth_rule` [ RunTime:0.0003s ]
SQL: SELECT `id`,name AS url,title AS text,`iconCls`,`nid` FROM `crm_auth_rule` WHERE `nid` = 0 OR `id` IN ('8','10','11','12','13','14')  [ RunTime:0.0001s ]
NOTIC: [8] Undefined index: children /data/wwwroot/default/CRM/App/Home/Model/AuthRuleModel.class.php 第 39 行.
NOTIC: [8] Undefined index: children /data/wwwroot/default/CRM/App/Home/Model/AuthRuleModel.class.php 第 39 行.
NOTIC: [8] Undefined index: children /data/wwwroot/default/CRM/App/Home/Model/AuthRuleModel.class.php 第 39 行.
NOTIC: [8] Undefined index: children /data/wwwroot/default/CRM/App/Home/Model/AuthRuleModel.class.php 第 39 行.
NOTIC: [8] Undefined index: children /data/wwwroot/default/CRM/App/Home/Model/AuthRuleModel.class.php 第 39 行.
NOTIC: [8] Undefined index: children /data/wwwroot/default/CRM/App/Home/Model/AuthRuleModel.class.php 第 39 行.

[ 2017-04-27T13:23:06+08:00 ] 60.253.253.10 /CRM/Home/Client?_=1493270569134
INFO: [ app_init ] --START--
INFO: Run Behavior\BuildLiteBehavior [ RunTime:0.000010s ]
INFO: [ app_init ] --END-- [ RunTime:0.000066s ]
INFO: [ app_begin ] --START--
INFO: Run Behavior\ReadHtmlCacheBehavior [ RunTime:0.000027s ]
INFO: [ app_begin ] --END-- [ RunTime:0.000052s ]
SQL: SHOW COLUMNS FROM `crm_auth_group_access` [ RunTime:0.0004s ]
SQL: SELECT `uid`,`group_id`,`title`,`rules` FROM crm_auth_group_access a INNER JOIN crm_auth_group g on a.group_id=g.id  WHERE ( a.uid='18' and g.status='1' )  [ RunTime:0.0001s ]
SQL: SHOW COLUMNS FROM `crm_auth_rule` [ RunTime:0.0003s ]
SQL: SELECT `condition`,`name` FROM `crm_auth_rule` WHERE `id` IN ('8','10','11','12','13','14') AND `type` = 1 AND `status` = 1  [ RunTime:0.0001s ]
INFO: [ view_parse ] --START--
INFO: [ template_filter ] --START--
INFO: Run Behavior\ContentReplaceBehavior [ RunTime:0.000037s ]
INFO: [ template_filter ] --END-- [ RunTime:0.000064s ]
INFO: Run Behavior\ParseTemplateBehavior [ RunTime:0.001572s ]
INFO: [ view_parse ] --END-- [ RunTime:0.001601s ]
INFO: [ view_filter ] --START--
INFO: Run Behavior\WriteHtmlCacheBehavior [ RunTime:0.000027s ]
INFO: [ view_filter ] --END-- [ RunTime:0.000045s ]
INFO: [ app_end ] --START--
INFO: Run Behavior\ShowPageTraceBehavior [ RunTime:0.000023s ]
INFO: [ app_end ] --END-- [ RunTime:0.000041s ]

[ 2017-04-27T13:23:08+08:00 ] 101.199.108.120 /CRM/Index/index.html
INFO: [ app_init ] --START--
INFO: Run Behavior\BuildLiteBehavior [ RunTime:0.000015s ]
INFO: [ app_init ] --END-- [ RunTime:0.000112s ]
INFO: [ app_begin ] --START--
INFO: Run Behavior\ReadHtmlCacheBehavior [ RunTime:0.000044s ]
INFO: [ app_begin ] --END-- [ RunTime:0.000073s ]

[ 2017-04-27T13:23:08+08:00 ] 101.199.108.120 /CRM/Login/index.html
INFO: [ app_init ] --START--
INFO: Run Behavior\BuildLiteBehavior [ RunTime:0.000007s ]
INFO: [ app_init ] --END-- [ RunTime:0.000046s ]
INFO: [ app_begin ] --START--
INFO: Run Behavior\ReadHtmlCacheBehavior [ RunTime:0.000024s ]
INFO: [ app_begin ] --END-- [ RunTime:0.000050s ]
INFO: [ view_parse ] --START--
INFO: [ template_filter ] --START--
INFO: Run Behavior\ContentReplaceBehavior [ RunTime:0.000057s ]
INFO: [ template_filter ] --END-- [ RunTime:0.000090s ]
INFO: Run Behavior\ParseTemplateBehavior [ RunTime:0.002099s ]
INFO: [ view_parse ] --END-- [ RunTime:0.002128s ]
INFO: [ view_filter ] --START--
INFO: Run Behavior\WriteHtmlCacheBehavior [ RunTime:0.000030s ]
INFO: [ view_filter ] --END-- [ RunTime:0.000048s ]
INFO: [ app_end ] --START--
INFO: Run Behavior\ShowPageTraceBehavior [ RunTime:0.000033s ]
INFO: [ app_end ] --END-- [ RunTime:0.000055s ]

[ 2017-04-27T13:23:09+08:00 ] 60.253.253.10 /CRM/Home/Client/getList
INFO: [ app_init ] --START--
INFO: Run Behavior\BuildLiteBehavior [ RunTime:0.000009s ]
INFO: [ app_init ] --END-- [ RunTime:0.000064s ]
INFO: [ app_begin ] --START--
INFO: Run Behavior\ReadHtmlCacheBehavior [ RunTime:0.000025s ]
INFO: [ app_begin ] --END-- [ RunTime:0.000049s ]
SQL: SHOW COLUMNS FROM `crm_auth_group_access` [ RunTime:0.0004s ]
SQL: SELECT `uid`,`group_id`,`title`,`rules` FROM crm_auth_group_access a INNER JOIN crm_auth_group g on a.group_id=g.id  WHERE ( a.uid='18' and g.status='1' )  [ RunTime:0.0001s ]
SQL: SHOW COLUMNS FROM `crm_auth_rule` [ RunTime:0.0003s ]
SQL: SELECT `condition`,`name` FROM `crm_auth_rule` WHERE `id` IN ('8','10','11','12','13','14') AND `type` = 1 AND `status` = 1  [ RunTime:0.0001s ]
SQL: SHOW COLUMNS FROM `crm_client` [ RunTime:0.0003s ]
SQL: SELECT `id`,`company`,`name`,`tel`,`source`,`enter`,`create_time` FROM `crm_client` ORDER BY `create_time` Desc LIMIT 0,20   [ RunTime:0.0001s ]
SQL: SELECT COUNT(*) AS tp_count FROM `crm_client` LIMIT 1   [ RunTime:0.0000s ]

[ 2017-04-27T13:23:13+08:00 ] 106.120.161.68 /CRM/
INFO: [ app_init ] --START--
INFO: Run Behavior\BuildLiteBehavior [ RunTime:0.000011s ]
INFO: [ app_init ] --END-- [ RunTime:0.000067s ]
INFO: [ app_begin ] --START--
INFO: Run Behavior\ReadHtmlCacheBehavior [ RunTime:0.000024s ]
INFO: [ app_begin ] --END-- [ RunTime:0.000049s ]

[ 2017-04-27T13:23:13+08:00 ] 106.120.160.109 /CRM/Login/index.html
INFO: [ app_init ] --START--
INFO: Run Behavior\BuildLiteBehavior [ RunTime:0.000008s ]
INFO: [ app_init ] --END-- [ RunTime:0.000049s ]
INFO: [ app_begin ] --START--
INFO: Run Behavior\ReadHtmlCacheBehavior [ RunTime:0.000035s ]
INFO: [ app_begin ] --END-- [ RunTime:0.000061s ]
INFO: [ view_parse ] --START--
INFO: [ template_filter ] --START--
INFO: Run Behavior\ContentReplaceBehavior [ RunTime:0.000044s ]
INFO: [ template_filter ] --END-- [ RunTime:0.000076s ]
INFO: Run Behavior\ParseTemplateBehavior [ RunTime:0.001986s ]
INFO: [ view_parse ] --END-- [ RunTime:0.002017s ]
INFO: [ view_filter ] --START--
INFO: Run Behavior\WriteHtmlCacheBehavior [ RunTime:0.000030s ]
INFO: [ view_filter ] --END-- [ RunTime:0.000049s ]
INFO: [ app_end ] --START--
INFO: Run Behavior\ShowPageTraceBehavior [ RunTime:0.000033s ]
INFO: [ app_end ] --END-- [ RunTime:0.000054s ]

[ 2017-04-27T13:23:13+08:00 ] 60.253.253.10 /CRM/Home/Documentary?_=1493270569136
INFO: [ app_init ] --START--
INFO: Run Behavior\BuildLiteBehavior [ RunTime:0.000009s ]
INFO: [ app_init ] --END-- [ RunTime:0.000061s ]
INFO: [ app_begin ] --START--
INFO: Run Behavior\ReadHtmlCacheBehavior [ RunTime:0.000026s ]
INFO: [ app_begin ] --END-- [ RunTime:0.000051s ]
SQL: SHOW COLUMNS FROM `crm_auth_group_access` [ RunTime:0.0004s ]
SQL: SELECT `uid`,`group_id`,`title`,`rules` FROM crm_auth_group_access a INNER JOIN crm_auth_group g on a.group_id=g.id  WHERE ( a.uid='18' and g.status='1' )  [ RunTime:0.0001s ]
SQL: SHOW COLUMNS FROM `crm_auth_rule` [ RunTime:0.0003s ]
SQL: SELECT `condition`,`name` FROM `crm_auth_rule` WHERE `id` IN ('8','10','11','12','13','14') AND `type` = 1 AND `status` = 1  [ RunTime:0.0001s ]
INFO: [ view_parse ] --START--
INFO: [ template_filter ] --START--
INFO: Run Behavior\ContentReplaceBehavior [ RunTime:0.000042s ]
INFO: [ template_filter ] --END-- [ RunTime:0.000069s ]
INFO: Run Behavior\ParseTemplateBehavior [ RunTime:0.002052s ]
INFO: [ view_parse ] --END-- [ RunTime:0.002081s ]
INFO: [ view_filter ] --START--
INFO: Run Behavior\WriteHtmlCacheBehavior [ RunTime:0.000026s ]
INFO: [ view_filter ] --END-- [ RunTime:0.000043s ]
INFO: [ app_end ] --START--
INFO: Run Behavior\ShowPageTraceBehavior [ RunTime:0.000021s ]
INFO: [ app_end ] --END-- [ RunTime:0.000038s ]

[ 2017-04-27T13:23:17+08:00 ] 60.253.253.10 /CRM/Home/Documentary/getList
INFO: [ app_init ] --START--
INFO: Run Behavior\BuildLiteBehavior [ RunTime:0.000010s ]
INFO: [ app_init ] --END-- [ RunTime:0.000066s ]
INFO: [ app_begin ] --START--
INFO: Run Behavior\ReadHtmlCacheBehavior [ RunTime:0.000026s ]
INFO: [ app_begin ] --END-- [ RunTime:0.000051s ]
SQL: SHOW COLUMNS FROM `crm_auth_group_access` [ RunTime:0.0015s ]
SQL: SELECT `uid`,`group_id`,`title`,`rules` FROM crm_auth_group_access a INNER JOIN crm_auth_group g on a.group_id=g.id  WHERE ( a.uid='18' and g.status='1' )  [ RunTime:0.0001s ]
SQL: SHOW COLUMNS FROM `crm_auth_rule` [ RunTime:0.0003s ]
SQL: SELECT `condition`,`name` FROM `crm_auth_rule` WHERE `id` IN ('8','10','11','12','13','14') AND `type` = 1 AND `status` = 1  [ RunTime:0.0001s ]
SQL: SHOW COLUMNS FROM `crm_documentary` [ RunTime:0.0003s ]
SQL: SELECT `id`,`sn`,`title`,`client_company`,`staff_name`,`way`,`evolve`,`enter`,`remark`,`create_time` FROM `crm_documentary` ORDER BY `create_time` Desc LIMIT 0,20   [ RunTime:0.0001s ]
SQL: SELECT COUNT(*) AS tp_count FROM `crm_documentary` LIMIT 1   [ RunTime:0.0001s ]

[ 2017-04-27T13:23:21+08:00 ] 60.253.253.10 /CRM/Home/Order?_=1493270569138
INFO: [ app_init ] --START--
INFO: Run Behavior\BuildLiteBehavior [ RunTime:0.000011s ]
INFO: [ app_init ] --END-- [ RunTime:0.000065s ]
INFO: [ app_begin ] --START--
INFO: Run Behavior\ReadHtmlCacheBehavior [ RunTime:0.000027s ]
INFO: [ app_begin ] --END-- [ RunTime:0.000049s ]
SQL: SHOW COLUMNS FROM `crm_auth_group_access` [ RunTime:0.0004s ]
SQL: SELECT `uid`,`group_id`,`title`,`rules` FROM crm_auth_group_access a INNER JOIN crm_auth_group g on a.group_id=g.id  WHERE ( a.uid='18' and g.status='1' )  [ RunTime:0.0001s ]
SQL: SHOW COLUMNS FROM `crm_auth_rule` [ RunTime:0.0003s ]
SQL: SELECT `condition`,`name` FROM `crm_auth_rule` WHERE `id` IN ('8','10','11','12','13','14') AND `type` = 1 AND `status` = 1  [ RunTime:0.0001s ]
INFO: [ view_parse ] --START--
INFO: [ template_filter ] --START--
INFO: Run Behavior\ContentReplaceBehavior [ RunTime:0.000056s ]
INFO: [ template_filter ] --END-- [ RunTime:0.000084s ]
INFO: Run Behavior\ParseTemplateBehavior [ RunTime:0.001990s ]
INFO: [ view_parse ] --END-- [ RunTime:0.002018s ]
INFO: [ view_filter ] --START--
INFO: Run Behavior\WriteHtmlCacheBehavior [ RunTime:0.000027s ]
INFO: [ view_filter ] --END-- [ RunTime:0.000044s ]
INFO: [ app_end ] --START--
INFO: Run Behavior\ShowPageTraceBehavior [ RunTime:0.000022s ]
INFO: [ app_end ] --END-- [ RunTime:0.000038s ]

[ 2017-04-27T13:23:24+08:00 ] 60.253.253.10 /CRM/Home/Order/getList
INFO: [ app_init ] --START--
INFO: Run Behavior\BuildLiteBehavior [ RunTime:0.000010s ]
INFO: [ app_init ] --END-- [ RunTime:0.000070s ]
INFO: [ app_begin ] --START--
INFO: Run Behavior\ReadHtmlCacheBehavior [ RunTime:0.000028s ]
INFO: [ app_begin ] --END-- [ RunTime:0.000054s ]
SQL: SHOW COLUMNS FROM `crm_auth_group_access` [ RunTime:0.0005s ]
SQL: SELECT `uid`,`group_id`,`title`,`rules` FROM crm_auth_group_access a INNER JOIN crm_auth_group g on a.group_id=g.id  WHERE ( a.uid='18' and g.status='1' )  [ RunTime:0.0001s ]
SQL: SHOW COLUMNS FROM `crm_auth_rule` [ RunTime:0.0004s ]
SQL: SELECT `condition`,`name` FROM `crm_auth_rule` WHERE `id` IN ('8','10','11','12','13','14') AND `type` = 1 AND `status` = 1  [ RunTime:0.0001s ]
SQL: SHOW COLUMNS FROM `crm_order` [ RunTime:0.0003s ]
SQL: SELECT crm_order.id,crm_order.sn,crm_order.title,crm_order.cost,crm_order.pay_state,crm_order.enter,crm_order.create_time,crm_documentary.client_company,crm_documentary.staff_name FROM `crm_order` LEFT JOIN crm_documentary ON crm_order.documentary_id=crm_documentary.id  ORDER BY `create_time` Desc LIMIT 0,20   [ RunTime:0.0001s ]
SQL: SELECT COUNT(*) AS tp_count FROM `crm_order` LIMIT 1   [ RunTime:0.0000s ]

[ 2017-04-27T13:23:25+08:00 ] 101.199.108.50 /CRM/
INFO: [ app_init ] --START--
INFO: Run Behavior\BuildLiteBehavior [ RunTime:0.000011s ]
INFO: [ app_init ] --END-- [ RunTime:0.000071s ]
INFO: [ app_begin ] --START--
INFO: Run Behavior\ReadHtmlCacheBehavior [ RunTime:0.000030s ]
INFO: [ app_begin ] --END-- [ RunTime:0.000055s ]

[ 2017-04-27T13:23:25+08:00 ] 101.199.108.50 /CRM/Login/index.html
INFO: [ app_init ] --START--
INFO: Run Behavior\BuildLiteBehavior [ RunTime:0.000007s ]
INFO: [ app_init ] --END-- [ RunTime:0.000047s ]
INFO: [ app_begin ] --START--
INFO: Run Behavior\ReadHtmlCacheBehavior [ RunTime:0.000041s ]
INFO: [ app_begin ] --END-- [ RunTime:0.000068s ]
INFO: [ view_parse ] --START--
INFO: [ template_filter ] --START--
INFO: Run Behavior\ContentReplaceBehavior [ RunTime:0.000043s ]
INFO: [ template_filter ] --END-- [ RunTime:0.000072s ]
INFO: Run Behavior\ParseTemplateBehavior [ RunTime:0.001415s ]
INFO: [ view_parse ] --END-- [ RunTime:0.001444s ]
INFO: [ view_filter ] --START--
INFO: Run Behavior\WriteHtmlCacheBehavior [ RunTime:0.000028s ]
INFO: [ view_filter ] --END-- [ RunTime:0.000046s ]
INFO: [ app_end ] --START--
INFO: Run Behavior\ShowPageTraceBehavior [ RunTime:0.000023s ]
INFO: [ app_end ] --END-- [ RunTime:0.000042s ]

[ 2017-04-27T13:23:28+08:00 ] 60.253.253.10 /CRM/Home/Order/getDetails?id=10&_=1493270569142
INFO: [ app_init ] --START--
INFO: Run Behavior\BuildLiteBehavior [ RunTime:0.000010s ]
INFO: [ app_init ] --END-- [ RunTime:0.000068s ]
INFO: [ app_begin ] --START--
INFO: Run Behavior\ReadHtmlCacheBehavior [ RunTime:0.000028s ]
INFO: [ app_begin ] --END-- [ RunTime:0.000054s ]
SQL: SHOW COLUMNS FROM `crm_auth_group_access` [ RunTime:0.0005s ]
SQL: SELECT `uid`,`group_id`,`title`,`rules` FROM crm_auth_group_access a INNER JOIN crm_auth_group g on a.group_id=g.id  WHERE ( a.uid='18' and g.status='1' )  [ RunTime:0.0001s ]
SQL: SHOW COLUMNS FROM `crm_auth_rule` [ RunTime:0.0003s ]
SQL: SELECT `condition`,`name` FROM `crm_auth_rule` WHERE `id` IN ('8','10','11','12','13','14') AND `type` = 1 AND `status` = 1  [ RunTime:0.0001s ]
SQL: SHOW COLUMNS FROM `crm_order` [ RunTime:0.0004s ]
SQL: SELECT crm_order.id,crm_order.sn,crm_order.title,crm_order.original,crm_order.cost,crm_order.pay_state,crm_order.enter,crm_documentary.client_company,crm_documentary.staff_name FROM `crm_order` LEFT JOIN crm_documentary ON crm_order.documentary_id=crm_documentary.id  WHERE crm_order.id = '10' LIMIT 1   [ RunTime:0.0003s ]
SQL: SHOW COLUMNS FROM `crm_order_extend` [ RunTime:0.0003s ]
SQL: SELECT `details` FROM `crm_order_extend` WHERE crm_order_extend.order_id = '10' LIMIT 1   [ RunTime:0.0001s ]
SQL: SHOW COLUMNS FROM `crm_outlib` [ RunTime:0.0003s ]
SQL: SELECT crm_outlib.number,crm_outlib.state,crm_outlib.dispose_time,crm_product.sn,crm_product.name,crm_product.sell_price FROM `crm_outlib` LEFT JOIN crm_product ON crm_outlib.product_id=crm_product.id  WHERE crm_outlib.order_sn = '20161226132820'  [ RunTime:0.0012s ]
INFO: [ view_parse ] --START--
INFO: [ template_filter ] --START--
INFO: Run Behavior\ContentReplaceBehavior [ RunTime:0.000083s ]
INFO: [ template_filter ] --END-- [ RunTime:0.000121s ]
INFO: Run Behavior\ParseTemplateBehavior [ RunTime:0.002580s ]
INFO: [ view_parse ] --END-- [ RunTime:0.002613s ]
INFO: [ view_filter ] --START--
INFO: Run Behavior\WriteHtmlCacheBehavior [ RunTime:0.000040s ]
INFO: [ view_filter ] --END-- [ RunTime:0.000059s ]
INFO: [ app_end ] --START--
INFO: Run Behavior\ShowPageTraceBehavior [ RunTime:0.000024s ]
INFO: [ app_end ] --END-- [ RunTime:0.000043s ]

[ 2017-04-27T13:23:35+08:00 ] 60.253.253.10 /CRM/Home/Order/getDetails?id=6&_=1493270569143
INFO: [ app_init ] --START--
INFO: Run Behavior\BuildLiteBehavior [ RunTime:0.000009s ]
INFO: [ app_init ] --END-- [ RunTime:0.000064s ]
INFO: [ app_begin ] --START--
INFO: Run Behavior\ReadHtmlCacheBehavior [ RunTime:0.000028s ]
INFO: [ app_begin ] --END-- [ RunTime:0.000051s ]
SQL: SHOW COLUMNS FROM `crm_auth_group_access` [ RunTime:0.0004s ]
SQL: SELECT `uid`,`group_id`,`title`,`rules` FROM crm_auth_group_access a INNER JOIN crm_auth_group g on a.group_id=g.id  WHERE ( a.uid='18' and g.status='1' )  [ RunTime:0.0001s ]
SQL: SHOW COLUMNS FROM `crm_auth_rule` [ RunTime:0.0003s ]
SQL: SELECT `condition`,`name` FROM `crm_auth_rule` WHERE `id` IN ('8','10','11','12','13','14') AND `type` = 1 AND `status` = 1  [ RunTime:0.0001s ]
SQL: SHOW COLUMNS FROM `crm_order` [ RunTime:0.0003s ]
SQL: SELECT crm_order.id,crm_order.sn,crm_order.title,crm_order.original,crm_order.cost,crm_order.pay_state,crm_order.enter,crm_documentary.client_company,crm_documentary.staff_name FROM `crm_order` LEFT JOIN crm_documentary ON crm_order.documentary_id=crm_documentary.id  WHERE crm_order.id = '6' LIMIT 1   [ RunTime:0.0002s ]
SQL: SHOW COLUMNS FROM `crm_order_extend` [ RunTime:0.0003s ]
SQL: SELECT `details` FROM `crm_order_extend` WHERE crm_order_extend.order_id = '6' LIMIT 1   [ RunTime:0.0001s ]
SQL: SHOW COLUMNS FROM `crm_outlib` [ RunTime:0.0003s ]
SQL: SELECT crm_outlib.number,crm_outlib.state,crm_outlib.dispose_time,crm_product.sn,crm_product.name,crm_product.sell_price FROM `crm_outlib` LEFT JOIN crm_product ON crm_outlib.product_id=crm_product.id  WHERE crm_outlib.order_sn = '20161223225153'  [ RunTime:0.0002s ]
INFO: [ view_parse ] --START--
INFO: [ template_filter ] --START--
INFO: Run Behavior\ContentReplaceBehavior [ RunTime:0.000036s ]
INFO: [ template_filter ] --END-- [ RunTime:0.000063s ]
INFO: Run Behavior\ParseTemplateBehavior [ RunTime:0.002347s ]
INFO: [ view_parse ] --END-- [ RunTime:0.002377s ]
INFO: [ view_filter ] --START--
INFO: Run Behavior\WriteHtmlCacheBehavior [ RunTime:0.000027s ]
INFO: [ view_filter ] --END-- [ RunTime:0.000045s ]
INFO: [ app_end ] --START--
INFO: Run Behavior\ShowPageTraceBehavior [ RunTime:0.000021s ]
INFO: [ app_end ] --END-- [ RunTime:0.000037s ]

[ 2017-04-27T13:23:37+08:00 ] 60.253.253.10 /CRM/Home/Order/getDetails?id=3&_=1493270569144
INFO: [ app_init ] --START--
INFO: Run Behavior\BuildLiteBehavior [ RunTime:0.000010s ]
INFO: [ app_init ] --END-- [ RunTime:0.000066s ]
INFO: [ app_begin ] --START--
INFO: Run Behavior\ReadHtmlCacheBehavior [ RunTime:0.000028s ]
INFO: [ app_begin ] --END-- [ RunTime:0.000051s ]
SQL: SHOW COLUMNS FROM `crm_auth_group_access` [ RunTime:0.0004s ]
SQL: SELECT `uid`,`group_id`,`title`,`rules` FROM crm_auth_group_access a INNER JOIN crm_auth_group g on a.group_id=g.id  WHERE ( a.uid='18' and g.status='1' )  [ RunTime:0.0001s ]
SQL: SHOW COLUMNS FROM `crm_auth_rule` [ RunTime:0.0003s ]
SQL: SELECT `condition`,`name` FROM `crm_auth_rule` WHERE `id` IN ('8','10','11','12','13','14') AND `type` = 1 AND `status` = 1  [ RunTime:0.0001s ]
SQL: SHOW COLUMNS FROM `crm_order` [ RunTime:0.0003s ]
SQL: SELECT crm_order.id,crm_order.sn,crm_order.title,crm_order.original,crm_order.cost,crm_order.pay_state,crm_order.enter,crm_documentary.client_company,crm_documentary.staff_name FROM `crm_order` LEFT JOIN crm_documentary ON crm_order.documentary_id=crm_documentary.id  WHERE crm_order.id = '3' LIMIT 1   [ RunTime:0.0003s ]
SQL: SHOW COLUMNS FROM `crm_order_extend` [ RunTime:0.0003s ]
SQL: SELECT `details` FROM `crm_order_extend` WHERE crm_order_extend.order_id = '3' LIMIT 1   [ RunTime:0.0001s ]
SQL: SHOW COLUMNS FROM `crm_outlib` [ RunTime:0.0003s ]
SQL: SELECT crm_outlib.number,crm_outlib.state,crm_outlib.dispose_time,crm_product.sn,crm_product.name,crm_product.sell_price FROM `crm_outlib` LEFT JOIN crm_product ON crm_outlib.product_id=crm_product.id  WHERE crm_outlib.order_sn = '20161220201559'  [ RunTime:0.0002s ]
INFO: [ view_parse ] --START--
INFO: [ template_filter ] --START--
INFO: Run Behavior\ContentReplaceBehavior [ RunTime:0.000035s ]
INFO: [ template_filter ] --END-- [ RunTime:0.000062s ]
INFO: Run Behavior\ParseTemplateBehavior [ RunTime:0.002374s ]
INFO: [ view_parse ] --END-- [ RunTime:0.002407s ]
INFO: [ view_filter ] --START--
INFO: Run Behavior\WriteHtmlCacheBehavior [ RunTime:0.000028s ]
INFO: [ view_filter ] --END-- [ RunTime:0.000047s ]
INFO: [ app_end ] --START--
INFO: Run Behavior\ShowPageTraceBehavior [ RunTime:0.000021s ]
INFO: [ app_end ] --END-- [ RunTime:0.000039s ]

[ 2017-04-27T13:23:41+08:00 ] 60.253.253.10 /CRM/Home/Order/getDetails?id=4&_=1493270569145
INFO: [ app_init ] --START--
INFO: Run Behavior\BuildLiteBehavior [ RunTime:0.000010s ]
INFO: [ app_init ] --END-- [ RunTime:0.000065s ]
INFO: [ app_begin ] --START--
INFO: Run Behavior\ReadHtmlCacheBehavior [ RunTime:0.000025s ]
INFO: [ app_begin ] --END-- [ RunTime:0.000049s ]
SQL: SHOW COLUMNS FROM `crm_auth_group_access` [ RunTime:0.0004s ]
SQL: SELECT `uid`,`group_id`,`title`,`rules` FROM crm_auth_group_access a INNER JOIN crm_auth_group g on a.group_id=g.id  WHERE ( a.uid='18' and g.status='1' )  [ RunTime:0.0001s ]
SQL: SHOW COLUMNS FROM `crm_auth_rule` [ RunTime:0.0003s ]
SQL: SELECT `condition`,`name` FROM `crm_auth_rule` WHERE `id` IN ('8','10','11','12','13','14') AND `type` = 1 AND `status` = 1  [ RunTime:0.0001s ]
SQL: SHOW COLUMNS FROM `crm_order` [ RunTime:0.0003s ]
SQL: SELECT crm_order.id,crm_order.sn,crm_order.title,crm_order.original,crm_order.cost,crm_order.pay_state,crm_order.enter,crm_documentary.client_company,crm_documentary.staff_name FROM `crm_order` LEFT JOIN crm_documentary ON crm_order.documentary_id=crm_documentary.id  WHERE crm_order.id = '4' LIMIT 1   [ RunTime:0.0002s ]
SQL: SHOW COLUMNS FROM `crm_order_extend` [ RunTime:0.0003s ]
SQL: SELECT `details` FROM `crm_order_extend` WHERE crm_order_extend.order_id = '4' LIMIT 1   [ RunTime:0.0001s ]
SQL: SHOW COLUMNS FROM `crm_outlib` [ RunTime:0.0003s ]
SQL: SELECT crm_outlib.number,crm_outlib.state,crm_outlib.dispose_time,crm_product.sn,crm_product.name,crm_product.sell_price FROM `crm_outlib` LEFT JOIN crm_product ON crm_outlib.product_id=crm_product.id  WHERE crm_outlib.order_sn = '20161221165552'  [ RunTime:0.0002s ]
INFO: [ view_parse ] --START--
INFO: [ template_filter ] --START--
INFO: Run Behavior\ContentReplaceBehavior [ RunTime:0.000034s ]
INFO: [ template_filter ] --END-- [ RunTime:0.000061s ]
INFO: Run Behavior\ParseTemplateBehavior [ RunTime:0.002273s ]
INFO: [ view_parse ] --END-- [ RunTime:0.002305s ]
INFO: [ view_filter ] --START--
INFO: Run Behavior\WriteHtmlCacheBehavior [ RunTime:0.000028s ]
INFO: [ view_filter ] --END-- [ RunTime:0.000045s ]
INFO: [ app_end ] --START--
INFO: Run Behavior\ShowPageTraceBehavior [ RunTime:0.000022s ]
INFO: [ app_end ] --END-- [ RunTime:0.000038s ]

[ 2017-04-27T13:23:43+08:00 ] 60.253.253.10 /CRM/Home/Order/getDetails?id=6&_=1493270569146
INFO: [ app_init ] --START--
INFO: Run Behavior\BuildLiteBehavior [ RunTime:0.000010s ]
INFO: [ app_init ] --END-- [ RunTime:0.000067s ]
INFO: [ app_begin ] --START--
INFO: Run Behavior\ReadHtmlCacheBehavior [ RunTime:0.000027s ]
INFO: [ app_begin ] --END-- [ RunTime:0.000050s ]
SQL: SHOW COLUMNS FROM `crm_auth_group_access` [ RunTime:0.0013s ]
SQL: SELECT `uid`,`group_id`,`title`,`rules` FROM crm_auth_group_access a INNER JOIN crm_auth_group g on a.group_id=g.id  WHERE ( a.uid='18' and g.status='1' )  [ RunTime:0.0001s ]
SQL: SHOW COLUMNS FROM `crm_auth_rule` [ RunTime:0.0003s ]
SQL: SELECT `condition`,`name` FROM `crm_auth_rule` WHERE `id` IN ('8','10','11','12','13','14') AND `type` = 1 AND `status` = 1  [ RunTime:0.0001s ]
SQL: SHOW COLUMNS FROM `crm_order` [ RunTime:0.0003s ]
SQL: SELECT crm_order.id,crm_order.sn,crm_order.title,crm_order.original,crm_order.cost,crm_order.pay_state,crm_order.enter,crm_documentary.client_company,crm_documentary.staff_name FROM `crm_order` LEFT JOIN crm_documentary ON crm_order.documentary_id=crm_documentary.id  WHERE crm_order.id = '6' LIMIT 1   [ RunTime:0.0001s ]
SQL: SHOW COLUMNS FROM `crm_order_extend` [ RunTime:0.0002s ]
SQL: SELECT `details` FROM `crm_order_extend` WHERE crm_order_extend.order_id = '6' LIMIT 1   [ RunTime:0.0001s ]
SQL: SHOW COLUMNS FROM `crm_outlib` [ RunTime:0.0003s ]
SQL: SELECT crm_outlib.number,crm_outlib.state,crm_outlib.dispose_time,crm_product.sn,crm_product.name,crm_product.sell_price FROM `crm_outlib` LEFT JOIN crm_product ON crm_outlib.product_id=crm_product.id  WHERE crm_outlib.order_sn = '20161223225153'  [ RunTime:0.0001s ]
INFO: [ view_parse ] --START--
INFO: [ template_filter ] --START--
INFO: Run Behavior\ContentReplaceBehavior [ RunTime:0.000035s ]
INFO: [ template_filter ] --END-- [ RunTime:0.000060s ]
INFO: Run Behavior\ParseTemplateBehavior [ RunTime:0.003146s ]
INFO: [ view_parse ] --END-- [ RunTime:0.003177s ]
INFO: [ view_filter ] --START--
INFO: Run Behavior\WriteHtmlCacheBehavior [ RunTime:0.000027s ]
INFO: [ view_filter ] --END-- [ RunTime:0.000044s ]
INFO: [ app_end ] --START--
INFO: Run Behavior\ShowPageTraceBehavior [ RunTime:0.000022s ]
INFO: [ app_end ] --END-- [ RunTime:0.000041s ]

[ 2017-04-27T13:23:46+08:00 ] 60.253.253.10 /CRM/Home/Client?_=1493270569147
INFO: [ app_init ] --START--
INFO: Run Behavior\BuildLiteBehavior [ RunTime:0.000010s ]
INFO: [ app_init ] --END-- [ RunTime:0.000066s ]
INFO: [ app_begin ] --START--
INFO: Run Behavior\ReadHtmlCacheBehavior [ RunTime:0.000027s ]
INFO: [ app_begin ] --END-- [ RunTime:0.000051s ]
SQL: SHOW COLUMNS FROM `crm_auth_group_access` [ RunTime:0.0004s ]
SQL: SELECT `uid`,`group_id`,`title`,`rules` FROM crm_auth_group_access a INNER JOIN crm_auth_group g on a.group_id=g.id  WHERE ( a.uid='18' and g.status='1' )  [ RunTime:0.0001s ]
SQL: SHOW COLUMNS FROM `crm_auth_rule` [ RunTime:0.0003s ]
SQL: SELECT `condition`,`name` FROM `crm_auth_rule` WHERE `id` IN ('8','10','11','12','13','14') AND `type` = 1 AND `status` = 1  [ RunTime:0.0001s ]
INFO: [ view_parse ] --START--
INFO: [ template_filter ] --START--
INFO: Run Behavior\ContentReplaceBehavior [ RunTime:0.000049s ]
INFO: [ template_filter ] --END-- [ RunTime:0.000078s ]
INFO: Run Behavior\ParseTemplateBehavior [ RunTime:0.001633s ]
INFO: [ view_parse ] --END-- [ RunTime:0.001661s ]
INFO: [ view_filter ] --START--
INFO: Run Behavior\WriteHtmlCacheBehavior [ RunTime:0.000025s ]
INFO: [ view_filter ] --END-- [ RunTime:0.000043s ]
INFO: [ app_end ] --START--
INFO: Run Behavior\ShowPageTraceBehavior [ RunTime:0.000020s ]
INFO: [ app_end ] --END-- [ RunTime:0.000037s ]

[ 2017-04-27T13:23:48+08:00 ] 60.253.253.10 /CRM/Home/Client/getList
INFO: [ app_init ] --START--
INFO: Run Behavior\BuildLiteBehavior [ RunTime:0.000010s ]
INFO: [ app_init ] --END-- [ RunTime:0.000067s ]
INFO: [ app_begin ] --START--
INFO: Run Behavior\ReadHtmlCacheBehavior [ RunTime:0.000026s ]
INFO: [ app_begin ] --END-- [ RunTime:0.000052s ]
SQL: SHOW COLUMNS FROM `crm_auth_group_access` [ RunTime:0.0011s ]
SQL: SELECT `uid`,`group_id`,`title`,`rules` FROM crm_auth_group_access a INNER JOIN crm_auth_group g on a.group_id=g.id  WHERE ( a.uid='18' and g.status='1' )  [ RunTime:0.0001s ]
SQL: SHOW COLUMNS FROM `crm_auth_rule` [ RunTime:0.0003s ]
SQL: SELECT `condition`,`name` FROM `crm_auth_rule` WHERE `id` IN ('8','10','11','12','13','14') AND `type` = 1 AND `status` = 1  [ RunTime:0.0001s ]
SQL: SHOW COLUMNS FROM `crm_client` [ RunTime:0.0003s ]
SQL: SELECT `id`,`company`,`name`,`tel`,`source`,`enter`,`create_time` FROM `crm_client` ORDER BY `create_time` Desc LIMIT 0,20   [ RunTime:0.0001s ]
SQL: SELECT COUNT(*) AS tp_count FROM `crm_client` LIMIT 1   [ RunTime:0.0000s ]

[ 2017-04-27T13:23:53+08:00 ] 60.253.253.10 /CRM/Home/Letter?_=1493270569149
INFO: [ app_init ] --START--
INFO: Run Behavior\BuildLiteBehavior [ RunTime:0.000010s ]
INFO: [ app_init ] --END-- [ RunTime:0.000071s ]
INFO: [ app_begin ] --START--
INFO: Run Behavior\ReadHtmlCacheBehavior [ RunTime:0.000030s ]
INFO: [ app_begin ] --END-- [ RunTime:0.000055s ]
SQL: SHOW COLUMNS FROM `crm_auth_group_access` [ RunTime:0.0004s ]
SQL: SELECT `uid`,`group_id`,`title`,`rules` FROM crm_auth_group_access a INNER JOIN crm_auth_group g on a.group_id=g.id  WHERE ( a.uid='18' and g.status='1' )  [ RunTime:0.0001s ]
SQL: SHOW COLUMNS FROM `crm_auth_rule` [ RunTime:0.0003s ]
SQL: SELECT `condition`,`name` FROM `crm_auth_rule` WHERE `id` IN ('8','10','11','12','13','14') AND `type` = 1 AND `status` = 1  [ RunTime:0.0001s ]
ERR: 模板不存在:./App/Home/View/Defalut/Letter/index.tpl

[ 2017-04-27T13:24:00+08:00 ] 60.253.253.10 /CRM/Home/Login/logout
INFO: [ app_init ] --START--
INFO: Run Behavior\BuildLiteBehavior [ RunTime:0.000010s ]
INFO: [ app_init ] --END-- [ RunTime:0.000065s ]
INFO: [ app_begin ] --START--
INFO: Run Behavior\ReadHtmlCacheBehavior [ RunTime:0.000028s ]
INFO: [ app_begin ] --END-- [ RunTime:0.000055s ]

[ 2017-04-27T13:24:00+08:00 ] 60.253.253.10 /CRM/Login/index.html
INFO: [ app_init ] --START--
INFO: Run Behavior\BuildLiteBehavior [ RunTime:0.000010s ]
INFO: [ app_init ] --END-- [ RunTime:0.000065s ]
INFO: [ app_begin ] --START--
INFO: Run Behavior\ReadHtmlCacheBehavior [ RunTime:0.000030s ]
INFO: [ app_begin ] --END-- [ RunTime:0.000057s ]
INFO: [ view_parse ] --START--
INFO: [ template_filter ] --START--
INFO: Run Behavior\ContentReplaceBehavior [ RunTime:0.000044s ]
INFO: [ template_filter ] --END-- [ RunTime:0.000076s ]
INFO: Run Behavior\ParseTemplateBehavior [ RunTime:0.001497s ]
INFO: [ view_parse ] --END-- [ RunTime:0.001526s ]
INFO: [ view_filter ] --START--
INFO: Run Behavior\WriteHtmlCacheBehavior [ RunTime:0.000041s ]
INFO: [ view_filter ] --END-- [ RunTime:0.000060s ]
INFO: [ app_end ] --START--
INFO: Run Behavior\ShowPageTraceBehavior [ RunTime:0.000034s ]
INFO: [ app_end ] --END-- [ RunTime:0.000058s ]

